<?xml version="1.0" encoding="UTF-8"?>
<!-- Generated by org.testng.reporters.JUnitReportReporter -->
<testsuite hostname="DESKTOP-T1OTQ1E" failures="0" tests="1" name="com.qa.fb.test.LoginTest" time="138.177" errors="0" timestamp="16 Aug 2022 20:59:47 GMT" skipped="0">
  <testcase classname="com.qa.fb.test.LoginTest" name="signUpTest" time="138.177"/>
</testsuite> <!-- com.qa.fb.test.LoginTest -->
